# JRE version: Java(TM) SE Runtime Environment (21.0.1+12) (build 21.0.1+12-LTS-29)
# Java VM: Java HotSpot(TM) 64-Bit Server VM (21.0.1+12-LTS-29, mixed mode, sharing, tiered, compressed oops, compressed class ptrs, g1 gc, windows-amd64)
GC Precious Log:
 CardTable entry size: 512
 Card Set container configuration: InlinePtr #cards 4 size 8 Array Of Cards #cards 16 size 48 Howl #buckets 8 coarsen threshold 3686 Howl Bitmap #cards 512 size 80 coarsen threshold 460 Card regions per heap region 1 cards per card region 4096
 CPUs: 4 total, 4 available
 Memory: 6030M
 Large Page Support: Disabled
 NUMA Support: Disabled
 Compressed Oops: Enabled (Zero based)
 Heap Region Size: 2M
 Heap Min Capacity: 8M
 Heap Initial Capacity: 96M
 Heap Max Capacity: 4G
 Pre-touch: Disabled
 Parallel Workers: 4
 Concurrent Workers: 1
 Concurrent Refinement Workers: 4
 Periodic GC: Disabled
Heap:
 garbage-first heap   total 90112K, used 47443K [0x0000000700000000, 0x0000000800000000)
  region size 2048K, 3 young (6144K), 2 survivors (4096K)
 Metaspace       used 61803K, committed 63744K, reserved 1114112K
  class space    used 8970K, committed 9920K, reserved 1048576K
GC Heap History (20 events):
Event: 16.116 GC heap before
{Heap before GC invocations=7 (full 0):
 garbage-first heap   total 90112K, used 71957K [0x0000000700000000, 0x0000000800000000)
  region size 2048K, 26 young (53248K), 2 survivors (4096K)
 Metaspace       used 27536K, committed 28672K, reserved 1114112K
  class space    used 4166K, committed 4736K, reserved 1048576K
}
Event: 16.128 GC heap after
{Heap after GC invocations=8 (full 0):
 garbage-first heap   total 90112K, used 25400K [0x0000000700000000, 0x0000000800000000)
  region size 2048K, 3 young (6144K), 3 survivors (6144K)
 Metaspace       used 27536K, committed 28672K, reserved 1114112K
  class space    used 4166K, committed 4736K, reserved 1048576K
}
Event: 18.190 GC heap before
{Heap before GC invocations=8 (full 0):
 garbage-first heap   total 90112K, used 70456K [0x0000000700000000, 0x0000000800000000)
  region size 2048K, 26 young (53248K), 3 survivors (6144K)
 Metaspace       used 33941K, committed 35136K, reserved 1114112K
  class space    used 4863K, committed 5440K, reserved 1048576K
}
Event: 18.214 GC heap after
{Heap after GC invocations=9 (full 0):
 garbage-first heap   total 90112K, used 30361K [0x0000000700000000, 0x0000000800000000)
  region size 2048K, 4 young (8192K), 4 survivors (8192K)
 Metaspace       used 33941K, committed 35136K, reserved 1114112K
  class space    used 4863K, committed 5440K, reserved 1048576K
}
Event: 18.637 GC heap before
{Heap before GC invocations=9 (full 0):
 garbage-first heap   total 90112K, used 40601K [0x0000000700000000, 0x0000000800000000)
  region size 2048K, 9 young (18432K), 4 survivors (8192K)
 Metaspace       used 34990K, committed 36160K, reserved 1114112K
  class space    used 4913K, committed 5504K, reserved 1048576K
}
Event: 18.657 GC heap after
{Heap after GC invocations=10 (full 0):
 garbage-first heap   total 90112K, used 30479K [0x0000000700000000, 0x0000000800000000)
  region size 2048K, 1 young (2048K), 1 survivors (2048K)
 Metaspace       used 34990K, committed 36160K, reserved 1114112K
  class space    used 4913K, committed 5504K, reserved 1048576K
}
Event: 21.160 GC heap before
{Heap before GC invocations=11 (full 0):
 garbage-first heap   total 90112K, used 73487K [0x0000000700000000, 0x0000000800000000)
  region size 2048K, 22 young (45056K), 1 survivors (2048K)
 Metaspace       used 37701K, committed 39040K, reserved 1114112K
  class space    used 5331K, committed 6016K, reserved 1048576K
}
Event: 21.172 GC heap after
{Heap after GC invocations=12 (full 0):
 garbage-first heap   total 90112K, used 33728K [0x0000000700000000, 0x0000000800000000)
  region size 2048K, 3 young (6144K), 3 survivors (6144K)
 Metaspace       used 37701K, committed 39040K, reserved 1114112K
  class space    used 5331K, committed 6016K, reserved 1048576K
}
Event: 24.941 GC heap before
{Heap before GC invocations=12 (full 0):
 garbage-first heap   total 90112K, used 72640K [0x0000000700000000, 0x0000000800000000)
  region size 2048K, 23 young (47104K), 3 survivors (6144K)
 Metaspace       used 42503K, committed 43904K, reserved 1114112K
  class space    used 6067K, committed 6784K, reserved 1048576K
}
Event: 24.971 GC heap after
{Heap after GC invocations=13 (full 0):
 garbage-first heap   total 90112K, used 36242K [0x0000000700000000, 0x0000000800000000)
  region size 2048K, 2 young (4096K), 2 survivors (4096K)
 Metaspace       used 42503K, committed 43904K, reserved 1114112K
  class space    used 6067K, committed 6784K, reserved 1048576K
}
Event: 27.821 GC heap before
{Heap before GC invocations=13 (full 0):
 garbage-first heap   total 90112K, used 75154K [0x0000000700000000, 0x0000000800000000)
  region size 2048K, 21 young (43008K), 2 survivors (4096K)
 Metaspace       used 47504K, committed 49280K, reserved 1114112K
  class space    used 6848K, committed 7744K, reserved 1048576K
}
Event: 27.834 GC heap after
{Heap after GC invocations=14 (full 0):
 garbage-first heap   total 90112K, used 38540K [0x0000000700000000, 0x0000000800000000)
  region size 2048K, 3 young (6144K), 3 survivors (6144K)
 Metaspace       used 47504K, committed 49280K, reserved 1114112K
  class space    used 6848K, committed 7744K, reserved 1048576K
}
Event: 30.969 GC heap before
{Heap before GC invocations=14 (full 0):
 garbage-first heap   total 90112K, used 73356K [0x0000000700000000, 0x0000000800000000)
  region size 2048K, 21 young (43008K), 3 survivors (6144K)
 Metaspace       used 51887K, committed 53760K, reserved 1114112K
  class space    used 7443K, committed 8384K, reserved 1048576K
}
Event: 30.985 GC heap after
{Heap after GC invocations=15 (full 0):
 garbage-first heap   total 90112K, used 40108K [0x0000000700000000, 0x0000000800000000)
  region size 2048K, 2 young (4096K), 2 survivors (4096K)
 Metaspace       used 51887K, committed 53760K, reserved 1114112K
  class space    used 7443K, committed 8384K, reserved 1048576K
}
Event: 33.578 GC heap before
{Heap before GC invocations=15 (full 0):
 garbage-first heap   total 90112K, used 79020K [0x0000000700000000, 0x0000000800000000)
  region size 2048K, 21 young (43008K), 2 survivors (4096K)
 Metaspace       used 55815K, committed 57600K, reserved 1114112K
  class space    used 7940K, committed 8832K, reserved 1048576K
}
Event: 33.592 GC heap after
{Heap after GC invocations=16 (full 0):
 garbage-first heap   total 90112K, used 42990K [0x0000000700000000, 0x0000000800000000)
  region size 2048K, 3 young (6144K), 3 survivors (6144K)
 Metaspace       used 55815K, committed 57600K, reserved 1114112K
  class space    used 7940K, committed 8832K, reserved 1048576K
}
Event: 35.313 GC heap before
{Heap before GC invocations=16 (full 0):
 garbage-first heap   total 90112K, used 71662K [0x0000000700000000, 0x0000000800000000)
  region size 2048K, 18 young (36864K), 3 survivors (6144K)
 Metaspace       used 58829K, committed 60608K, reserved 1114112K
  class space    used 8440K, committed 9344K, reserved 1048576K
}
Event: 35.328 GC heap after
{Heap after GC invocations=17 (full 0):
 garbage-first heap   total 90112K, used 44886K [0x0000000700000000, 0x0000000800000000)
  region size 2048K, 3 young (6144K), 3 survivors (6144K)
 Metaspace       used 58829K, committed 60608K, reserved 1114112K
  class space    used 8440K, committed 9344K, reserved 1048576K
}
Event: 37.996 GC heap before
{Heap before GC invocations=18 (full 0):
 garbage-first heap   total 90112K, used 75606K [0x0000000700000000, 0x0000000800000000)
  region size 2048K, 18 young (36864K), 3 survivors (6144K)
 Metaspace       used 61559K, committed 63424K, reserved 1114112K
  class space    used 8927K, committed 9856K, reserved 1048576K
}
Event: 38.012 GC heap after
{Heap after GC invocations=19 (full 0):
 garbage-first heap   total 90112K, used 47443K [0x0000000700000000, 0x0000000800000000)
  region size 2048K, 2 young (4096K), 2 survivors (4096K)
 Metaspace       used 61559K, committed 63424K, reserved 1114112K
  class space    used 8927K, committed 9856K, reserved 1048576K
}

