# JRE version: Java(TM) SE Runtime Environment (21.0.1+12) (build 21.0.1+12-LTS-29)
# Java VM: Java HotSpot(TM) 64-Bit Server VM (21.0.1+12-LTS-29, mixed mode, sharing, tiered, compressed oops, compressed class ptrs, g1 gc, windows-amd64)
GC Precious Log:
 CardTable entry size: 512
 Card Set container configuration: InlinePtr #cards 4 size 8 Array Of Cards #cards 16 size 48 Howl #buckets 8 coarsen threshold 3686 Howl Bitmap #cards 512 size 80 coarsen threshold 460 Card regions per heap region 1 cards per card region 4096
 CPUs: 4 total, 4 available
 Memory: 6030M
 Large Page Support: Disabled
 NUMA Support: Disabled
 Compressed Oops: Enabled (Zero based)
 Heap Region Size: 2M
 Heap Min Capacity: 8M
 Heap Initial Capacity: 96M
 Heap Max Capacity: 4G
 Pre-touch: Disabled
 Parallel Workers: 4
 Concurrent Workers: 1
 Concurrent Refinement Workers: 4
 Periodic GC: Disabled
Heap:
 garbage-first heap   total 102400K, used 78880K [0x0000000700000000, 0x0000000800000000)
  region size 2048K, 15 young (30720K), 1 survivors (2048K)
 Metaspace       used 67205K, committed 69312K, reserved 1114112K
  class space    used 9525K, committed 10624K, reserved 1048576K
GC Heap History (20 events):
Event: 62.476 GC heap before
{Heap before GC invocations=19 (full 0):
 garbage-first heap   total 81920K, used 73176K [0x0000000700000000, 0x0000000800000000)
  region size 2048K, 15 young (30720K), 2 survivors (4096K)
 Metaspace       used 59360K, committed 61248K, reserved 1114112K
  class space    used 8410K, committed 9344K, reserved 1048576K
}
Event: 62.506 GC heap after
{Heap after GC invocations=20 (full 0):
 garbage-first heap   total 81920K, used 47970K [0x0000000700000000, 0x0000000800000000)
  region size 2048K, 1 young (2048K), 1 survivors (2048K)
 Metaspace       used 59360K, committed 61248K, reserved 1114112K
  class space    used 8410K, committed 9344K, reserved 1048576K
}
Event: 65.762 GC heap before
{Heap before GC invocations=20 (full 0):
 garbage-first heap   total 81920K, used 74594K [0x0000000700000000, 0x0000000800000000)
  region size 2048K, 14 young (28672K), 1 survivors (2048K)
 Metaspace       used 61659K, committed 63488K, reserved 1114112K
  class space    used 8814K, committed 9728K, reserved 1048576K
}
Event: 65.776 GC heap after
{Heap after GC invocations=21 (full 0):
 garbage-first heap   total 81920K, used 49601K [0x0000000700000000, 0x0000000800000000)
  region size 2048K, 2 young (4096K), 2 survivors (4096K)
 Metaspace       used 61659K, committed 63488K, reserved 1114112K
  class space    used 8814K, committed 9728K, reserved 1048576K
}
Event: 69.653 GC heap before
{Heap before GC invocations=22 (full 0):
 garbage-first heap   total 90112K, used 68033K [0x0000000700000000, 0x0000000800000000)
  region size 2048K, 12 young (24576K), 2 survivors (4096K)
 Metaspace       used 63645K, committed 65536K, reserved 1114112K
  class space    used 9181K, committed 10112K, reserved 1048576K
}
Event: 69.670 GC heap after
{Heap after GC invocations=23 (full 0):
 garbage-first heap   total 90112K, used 51036K [0x0000000700000000, 0x0000000800000000)
  region size 2048K, 2 young (4096K), 2 survivors (4096K)
 Metaspace       used 63645K, committed 65536K, reserved 1114112K
  class space    used 9181K, committed 10112K, reserved 1048576K
}
Event: 119.381 GC heap before
{Heap before GC invocations=23 (full 0):
 garbage-first heap   total 90112K, used 75612K [0x0000000700000000, 0x0000000800000000)
  region size 2048K, 15 young (30720K), 2 survivors (4096K)
 Metaspace       used 65063K, committed 67136K, reserved 1114112K
  class space    used 9394K, committed 10432K, reserved 1048576K
}
Event: 119.405 GC heap after
{Heap after GC invocations=24 (full 0):
 garbage-first heap   total 90112K, used 52315K [0x0000000700000000, 0x0000000800000000)
  region size 2048K, 2 young (4096K), 2 survivors (4096K)
 Metaspace       used 65063K, committed 67136K, reserved 1114112K
  class space    used 9394K, committed 10432K, reserved 1048576K
}
Event: 183.647 GC heap before
{Heap before GC invocations=24 (full 0):
 garbage-first heap   total 90112K, used 76891K [0x0000000700000000, 0x0000000800000000)
  region size 2048K, 15 young (30720K), 2 survivors (4096K)
 Metaspace       used 65446K, committed 67456K, reserved 1114112K
  class space    used 9407K, committed 10432K, reserved 1048576K
}
Event: 183.659 GC heap after
{Heap after GC invocations=25 (full 0):
 garbage-first heap   total 90112K, used 52977K [0x0000000700000000, 0x0000000800000000)
  region size 2048K, 2 young (4096K), 2 survivors (4096K)
 Metaspace       used 65446K, committed 67456K, reserved 1114112K
  class space    used 9407K, committed 10432K, reserved 1048576K
}
Event: 523.938 GC heap before
{Heap before GC invocations=26 (full 0):
 garbage-first heap   total 102400K, used 77553K [0x0000000700000000, 0x0000000800000000)
  region size 2048K, 14 young (28672K), 2 survivors (4096K)
 Metaspace       used 65746K, committed 67776K, reserved 1114112K
  class space    used 9409K, committed 10432K, reserved 1048576K
}
Event: 523.946 GC heap after
{Heap after GC invocations=27 (full 0):
 garbage-first heap   total 102400K, used 52017K [0x0000000700000000, 0x0000000800000000)
  region size 2048K, 1 young (2048K), 1 survivors (2048K)
 Metaspace       used 65746K, committed 67776K, reserved 1114112K
  class space    used 9409K, committed 10432K, reserved 1048576K
}
Event: 2626.511 GC heap before
{Heap before GC invocations=27 (full 0):
 garbage-first heap   total 102400K, used 88881K [0x0000000700000000, 0x0000000800000000)
  region size 2048K, 20 young (40960K), 1 survivors (2048K)
 Metaspace       used 65951K, committed 67968K, reserved 1114112K
  class space    used 9410K, committed 10432K, reserved 1048576K
}
Event: 2626.686 GC heap after
{Heap after GC invocations=28 (full 0):
 garbage-first heap   total 102400K, used 51534K [0x0000000700000000, 0x0000000800000000)
  region size 2048K, 1 young (2048K), 1 survivors (2048K)
 Metaspace       used 65951K, committed 67968K, reserved 1114112K
  class space    used 9410K, committed 10432K, reserved 1048576K
}
Event: 3167.470 GC heap before
{Heap before GC invocations=28 (full 0):
 garbage-first heap   total 102400K, used 92494K [0x0000000700000000, 0x0000000800000000)
  region size 2048K, 21 young (43008K), 1 survivors (2048K)
 Metaspace       used 66407K, committed 68480K, reserved 1114112K
  class space    used 9464K, committed 10496K, reserved 1048576K
}
Event: 3167.523 GC heap after
{Heap after GC invocations=29 (full 0):
 garbage-first heap   total 102400K, used 55052K [0x0000000700000000, 0x0000000800000000)
  region size 2048K, 2 young (4096K), 2 survivors (4096K)
 Metaspace       used 66407K, committed 68480K, reserved 1114112K
  class space    used 9464K, committed 10496K, reserved 1048576K
}
Event: 3254.601 GC heap before
{Heap before GC invocations=30 (full 0):
 garbage-first heap   total 102400K, used 89868K [0x0000000700000000, 0x0000000800000000)
  region size 2048K, 20 young (40960K), 2 survivors (4096K)
 Metaspace       used 66661K, committed 68736K, reserved 1114112K
  class space    used 9468K, committed 10560K, reserved 1048576K
}
Event: 3254.615 GC heap after
{Heap after GC invocations=31 (full 0):
 garbage-first heap   total 102400K, used 54719K [0x0000000700000000, 0x0000000800000000)
  region size 2048K, 1 young (2048K), 1 survivors (2048K)
 Metaspace       used 66661K, committed 68736K, reserved 1114112K
  class space    used 9468K, committed 10560K, reserved 1048576K
}
Event: 3704.005 GC heap before
{Heap before GC invocations=31 (full 0):
 garbage-first heap   total 102400K, used 91583K [0x0000000700000000, 0x0000000800000000)
  region size 2048K, 20 young (40960K), 1 survivors (2048K)
 Metaspace       used 66897K, committed 68992K, reserved 1114112K
  class space    used 9490K, committed 10560K, reserved 1048576K
}
Event: 3704.074 GC heap after
{Heap after GC invocations=32 (full 0):
 garbage-first heap   total 102400K, used 54304K [0x0000000700000000, 0x0000000800000000)
  region size 2048K, 1 young (2048K), 1 survivors (2048K)
 Metaspace       used 66897K, committed 68992K, reserved 1114112K
  class space    used 9490K, committed 10560K, reserved 1048576K
}

