# JRE version: OpenJDK Runtime Environment (17.0.9) (build 17.0.9+0--11185874)
# Java VM: OpenJDK 64-Bit Server VM (17.0.9+0--11185874, mixed mode, tiered, compressed oops, compressed class ptrs, g1 gc, windows-amd64)
GC Precious Log:
 CPUs: 4 total, 4 available
 Memory: 6030M
 Large Page Support: Disabled
 NUMA Support: Disabled
 Compressed Oops: Enabled (Zero based)
 Heap Region Size: 2M
 Heap Min Capacity: 8M
 Heap Initial Capacity: 96M
 Heap Max Capacity: 4G
 Pre-touch: Disabled
 Parallel Workers: 4
 Concurrent Workers: 1
 Concurrent Refinement Workers: 4
 Periodic GC: Disabled
Heap:
 garbage-first heap   total 194560K, used 82178K [0x0000000700000000, 0x0000000800000000)
  region size 2048K, 11 young (22528K), 1 survivors (2048K)
 Metaspace       used 70622K, committed 71168K, reserved 1114112K
  class space    used 9741K, committed 9984K, reserved 1048576K
GC Heap History (20 events):
Event: 22.675 GC heap before
{Heap before GC invocations=18 (full 0):
 garbage-first heap   total 83968K, used 37501K [0x0000000700000000, 0x0000000800000000)
  region size 2048K, 3 young (6144K), 2 survivors (4096K)
 Metaspace       used 59615K, committed 60096K, reserved 1114112K
  class space    used 8104K, committed 8320K, reserved 1048576K
}
Event: 22.683 GC heap after
{Heap after GC invocations=19 (full 0):
 garbage-first heap   total 83968K, used 37719K [0x0000000700000000, 0x0000000800000000)
  region size 2048K, 1 young (2048K), 1 survivors (2048K)
 Metaspace       used 59615K, committed 60096K, reserved 1114112K
  class space    used 8104K, committed 8320K, reserved 1048576K
}
Event: 23.995 GC heap before
{Heap before GC invocations=20 (full 0):
 garbage-first heap   total 83968K, used 66391K [0x0000000700000000, 0x0000000800000000)
  region size 2048K, 15 young (30720K), 1 survivors (2048K)
 Metaspace       used 62474K, committed 62912K, reserved 1114112K
  class space    used 8510K, committed 8704K, reserved 1048576K
}
Event: 24.006 GC heap after
{Heap after GC invocations=21 (full 0):
 garbage-first heap   total 83968K, used 39229K [0x0000000700000000, 0x0000000800000000)
  region size 2048K, 2 young (4096K), 2 survivors (4096K)
 Metaspace       used 62474K, committed 62912K, reserved 1114112K
  class space    used 8510K, committed 8704K, reserved 1048576K
}
Event: 24.093 GC heap before
{Heap before GC invocations=21 (full 0):
 garbage-first heap   total 83968K, used 41277K [0x0000000700000000, 0x0000000800000000)
  region size 2048K, 3 young (6144K), 2 survivors (4096K)
 Metaspace       used 62681K, committed 63232K, reserved 1114112K
  class space    used 8542K, committed 8768K, reserved 1048576K
}
Event: 24.108 GC heap after
{Heap after GC invocations=22 (full 0):
 garbage-first heap   total 83968K, used 39262K [0x0000000700000000, 0x0000000800000000)
  region size 2048K, 1 young (2048K), 1 survivors (2048K)
 Metaspace       used 62681K, committed 63232K, reserved 1114112K
  class space    used 8542K, committed 8768K, reserved 1048576K
}
Event: 25.695 GC heap before
{Heap before GC invocations=22 (full 0):
 garbage-first heap   total 83968K, used 65886K [0x0000000700000000, 0x0000000800000000)
  region size 2048K, 14 young (28672K), 1 survivors (2048K)
 Metaspace       used 65093K, committed 65664K, reserved 1114112K
  class space    used 8967K, committed 9280K, reserved 1048576K
}
Event: 25.704 GC heap after
{Heap after GC invocations=23 (full 0):
 garbage-first heap   total 83968K, used 40564K [0x0000000700000000, 0x0000000800000000)
  region size 2048K, 1 young (2048K), 1 survivors (2048K)
 Metaspace       used 65093K, committed 65664K, reserved 1114112K
  class space    used 8967K, committed 9280K, reserved 1048576K
}
Event: 27.813 GC heap before
{Heap before GC invocations=24 (full 0):
 garbage-first heap   total 83968K, used 65140K [0x0000000700000000, 0x0000000800000000)
  region size 2048K, 14 young (28672K), 1 survivors (2048K)
 Metaspace       used 67287K, committed 67776K, reserved 1114112K
  class space    used 9313K, committed 9536K, reserved 1048576K
}
Event: 27.830 GC heap after
{Heap after GC invocations=25 (full 0):
 garbage-first heap   total 83968K, used 43284K [0x0000000700000000, 0x0000000800000000)
  region size 2048K, 2 young (4096K), 2 survivors (4096K)
 Metaspace       used 67287K, committed 67776K, reserved 1114112K
  class space    used 9313K, committed 9536K, reserved 1048576K
}
Event: 28.685 GC heap before
{Heap before GC invocations=25 (full 0):
 garbage-first heap   total 83968K, used 59668K [0x0000000700000000, 0x0000000800000000)
  region size 2048K, 12 young (24576K), 2 survivors (4096K)
 Metaspace       used 67434K, committed 68032K, reserved 1114112K
  class space    used 9315K, committed 9600K, reserved 1048576K
}
Event: 28.699 GC heap after
{Heap after GC invocations=26 (full 0):
 garbage-first heap   total 83968K, used 49516K [0x0000000700000000, 0x0000000800000000)
  region size 2048K, 2 young (4096K), 2 survivors (4096K)
 Metaspace       used 67434K, committed 68032K, reserved 1114112K
  class space    used 9315K, committed 9600K, reserved 1048576K
}
Event: 29.064 GC heap before
{Heap before GC invocations=27 (full 0):
 garbage-first heap   total 100352K, used 53612K [0x0000000700000000, 0x0000000800000000)
  region size 2048K, 4 young (8192K), 2 survivors (4096K)
 Metaspace       used 67435K, committed 68032K, reserved 1114112K
  class space    used 9315K, committed 9600K, reserved 1048576K
}
Event: 29.069 GC heap after
{Heap after GC invocations=28 (full 0):
 garbage-first heap   total 100352K, used 55683K [0x0000000700000000, 0x0000000800000000)
  region size 2048K, 2 young (4096K), 2 survivors (4096K)
 Metaspace       used 67435K, committed 68032K, reserved 1114112K
  class space    used 9315K, committed 9600K, reserved 1048576K
}
Event: 30.366 GC heap before
{Heap before GC invocations=29 (full 0):
 garbage-first heap   total 102400K, used 74115K [0x0000000700000000, 0x0000000800000000)
  region size 2048K, 10 young (20480K), 2 survivors (4096K)
 Metaspace       used 68148K, committed 68736K, reserved 1114112K
  class space    used 9405K, committed 9664K, reserved 1048576K
}
Event: 30.378 GC heap after
{Heap after GC invocations=30 (full 0):
 garbage-first heap   total 102400K, used 61180K [0x0000000700000000, 0x0000000800000000)
  region size 2048K, 2 young (4096K), 2 survivors (4096K)
 Metaspace       used 68148K, committed 68736K, reserved 1114112K
  class space    used 9405K, committed 9664K, reserved 1048576K
}
Event: 30.442 GC heap before
{Heap before GC invocations=30 (full 0):
 garbage-first heap   total 102400K, used 61180K [0x0000000700000000, 0x0000000800000000)
  region size 2048K, 3 young (6144K), 2 survivors (4096K)
 Metaspace       used 68185K, committed 68800K, reserved 1114112K
  class space    used 9410K, committed 9664K, reserved 1048576K
}
Event: 30.453 GC heap after
{Heap after GC invocations=31 (full 0):
 garbage-first heap   total 102400K, used 61877K [0x0000000700000000, 0x0000000800000000)
  region size 2048K, 1 young (2048K), 1 survivors (2048K)
 Metaspace       used 68185K, committed 68800K, reserved 1114112K
  class space    used 9410K, committed 9664K, reserved 1048576K
}
Event: 30.880 GC heap before
{Heap before GC invocations=31 (full 0):
 garbage-first heap   total 102400K, used 74165K [0x0000000700000000, 0x0000000800000000)
  region size 2048K, 8 young (16384K), 1 survivors (2048K)
 Metaspace       used 69133K, committed 69760K, reserved 1114112K
  class space    used 9524K, committed 9792K, reserved 1048576K
}
Event: 30.885 GC heap after
{Heap after GC invocations=32 (full 0):
 garbage-first heap   total 194560K, used 63746K [0x0000000700000000, 0x0000000800000000)
  region size 2048K, 1 young (2048K), 1 survivors (2048K)
 Metaspace       used 69133K, committed 69760K, reserved 1114112K
  class space    used 9524K, committed 9792K, reserved 1048576K
}

