# JRE version: OpenJDK Runtime Environment (17.0.9) (build 17.0.9+0--11185874)
# Java VM: OpenJDK 64-Bit Server VM (17.0.9+0--11185874, mixed mode, tiered, compressed oops, compressed class ptrs, g1 gc, windows-amd64)
GC Precious Log:
 CPUs: 4 total, 4 available
 Memory: 6030M
 Large Page Support: Disabled
 NUMA Support: Disabled
 Compressed Oops: Enabled (Zero based)
 Heap Region Size: 2M
 Heap Min Capacity: 8M
 Heap Initial Capacity: 96M
 Heap Max Capacity: 4G
 Pre-touch: Disabled
 Parallel Workers: 4
 Concurrent Workers: 1
 Concurrent Refinement Workers: 4
 Periodic GC: Disabled
Heap:
 garbage-first heap   total 178176K, used 101826K [0x0000000700000000, 0x0000000800000000)
  region size 2048K, 6 young (12288K), 3 survivors (6144K)
 Metaspace       used 102043K, committed 102848K, reserved 1179648K
  class space    used 13999K, committed 14400K, reserved 1048576K
GC Heap History (20 events):
Event: 421.556 GC heap before
{Heap before GC invocations=48 (full 0):
 garbage-first heap   total 133120K, used 100227K [0x0000000700000000, 0x0000000800000000)
  region size 2048K, 15 young (30720K), 1 survivors (2048K)
 Metaspace       used 87292K, committed 88064K, reserved 1179648K
  class space    used 11807K, committed 12160K, reserved 1048576K
}
Event: 421.563 GC heap after
{Heap after GC invocations=49 (full 0):
 garbage-first heap   total 133120K, used 76382K [0x0000000700000000, 0x0000000800000000)
  region size 2048K, 2 young (4096K), 2 survivors (4096K)
 Metaspace       used 87292K, committed 88064K, reserved 1179648K
  class space    used 11807K, committed 12160K, reserved 1048576K
}
Event: 423.056 GC heap before
{Heap before GC invocations=50 (full 0):
 garbage-first heap   total 137216K, used 103006K [0x0000000700000000, 0x0000000800000000)
  region size 2048K, 15 young (30720K), 2 survivors (4096K)
 Metaspace       used 88995K, committed 89728K, reserved 1179648K
  class space    used 12037K, committed 12352K, reserved 1048576K
}
Event: 423.067 GC heap after
{Heap after GC invocations=51 (full 0):
 garbage-first heap   total 137216K, used 78128K [0x0000000700000000, 0x0000000800000000)
  region size 2048K, 1 young (2048K), 1 survivors (2048K)
 Metaspace       used 88995K, committed 89728K, reserved 1179648K
  class space    used 12037K, committed 12352K, reserved 1048576K
}
Event: 423.248 GC heap before
{Heap before GC invocations=51 (full 0):
 garbage-first heap   total 137216K, used 80176K [0x0000000700000000, 0x0000000800000000)
  region size 2048K, 3 young (6144K), 1 survivors (2048K)
 Metaspace       used 89238K, committed 89984K, reserved 1179648K
  class space    used 12072K, committed 12416K, reserved 1048576K
}
Event: 423.258 GC heap after
{Heap after GC invocations=52 (full 0):
 garbage-first heap   total 137216K, used 77987K [0x0000000700000000, 0x0000000800000000)
  region size 2048K, 1 young (2048K), 1 survivors (2048K)
 Metaspace       used 89238K, committed 89984K, reserved 1179648K
  class space    used 12072K, committed 12416K, reserved 1048576K
}
Event: 425.216 GC heap before
{Heap before GC invocations=52 (full 0):
 garbage-first heap   total 137216K, used 108707K [0x0000000700000000, 0x0000000800000000)
  region size 2048K, 16 young (32768K), 1 survivors (2048K)
 Metaspace       used 90735K, committed 91456K, reserved 1179648K
  class space    used 12277K, committed 12608K, reserved 1048576K
}
Event: 425.225 GC heap after
{Heap after GC invocations=53 (full 0):
 garbage-first heap   total 137216K, used 79384K [0x0000000700000000, 0x0000000800000000)
  region size 2048K, 1 young (2048K), 1 survivors (2048K)
 Metaspace       used 90735K, committed 91456K, reserved 1179648K
  class space    used 12277K, committed 12608K, reserved 1048576K
}
Event: 426.481 GC heap before
{Heap before GC invocations=53 (full 0):
 garbage-first heap   total 137216K, used 114200K [0x0000000700000000, 0x0000000800000000)
  region size 2048K, 16 young (32768K), 1 survivors (2048K)
 Metaspace       used 92840K, committed 93568K, reserved 1179648K
  class space    used 12538K, committed 12864K, reserved 1048576K
}
Event: 426.493 GC heap after
{Heap after GC invocations=54 (full 0):
 garbage-first heap   total 137216K, used 85682K [0x0000000700000000, 0x0000000800000000)
  region size 2048K, 2 young (4096K), 2 survivors (4096K)
 Metaspace       used 92840K, committed 93568K, reserved 1179648K
  class space    used 12538K, committed 12864K, reserved 1048576K
}
Event: 427.355 GC heap before
{Heap before GC invocations=54 (full 0):
 garbage-first heap   total 137216K, used 112306K [0x0000000700000000, 0x0000000800000000)
  region size 2048K, 15 young (30720K), 2 survivors (4096K)
 Metaspace       used 93324K, committed 94144K, reserved 1179648K
  class space    used 12620K, committed 12992K, reserved 1048576K
}
Event: 427.368 GC heap after
{Heap after GC invocations=55 (full 0):
 garbage-first heap   total 137216K, used 88052K [0x0000000700000000, 0x0000000800000000)
  region size 2048K, 2 young (4096K), 2 survivors (4096K)
 Metaspace       used 93324K, committed 94144K, reserved 1179648K
  class space    used 12620K, committed 12992K, reserved 1048576K
}
Event: 428.080 GC heap before
{Heap before GC invocations=55 (full 0):
 garbage-first heap   total 137216K, used 112628K [0x0000000700000000, 0x0000000800000000)
  region size 2048K, 14 young (28672K), 2 survivors (4096K)
 Metaspace       used 93526K, committed 94336K, reserved 1179648K
  class space    used 12627K, committed 12992K, reserved 1048576K
}
Event: 428.088 GC heap after
{Heap after GC invocations=56 (full 0):
 garbage-first heap   total 178176K, used 89521K [0x0000000700000000, 0x0000000800000000)
  region size 2048K, 1 young (2048K), 1 survivors (2048K)
 Metaspace       used 93526K, committed 94336K, reserved 1179648K
  class space    used 12627K, committed 12992K, reserved 1048576K
}
Event: 430.000 GC heap before
{Heap before GC invocations=56 (full 0):
 garbage-first heap   total 178176K, used 140721K [0x0000000700000000, 0x0000000800000000)
  region size 2048K, 26 young (53248K), 1 survivors (2048K)
 Metaspace       used 95567K, committed 96384K, reserved 1179648K
  class space    used 12914K, committed 13312K, reserved 1048576K
}
Event: 430.012 GC heap after
{Heap after GC invocations=57 (full 0):
 garbage-first heap   total 178176K, used 92027K [0x0000000700000000, 0x0000000800000000)
  region size 2048K, 2 young (4096K), 2 survivors (4096K)
 Metaspace       used 95567K, committed 96384K, reserved 1179648K
  class space    used 12914K, committed 13312K, reserved 1048576K
}
Event: 432.303 GC heap before
{Heap before GC invocations=57 (full 0):
 garbage-first heap   total 178176K, used 143227K [0x0000000700000000, 0x0000000800000000)
  region size 2048K, 27 young (55296K), 2 survivors (4096K)
 Metaspace       used 98106K, committed 99008K, reserved 1179648K
  class space    used 13262K, committed 13696K, reserved 1048576K
}
Event: 432.317 GC heap after
{Heap after GC invocations=58 (full 0):
 garbage-first heap   total 178176K, used 95808K [0x0000000700000000, 0x0000000800000000)
  region size 2048K, 4 young (8192K), 4 survivors (8192K)
 Metaspace       used 98106K, committed 99008K, reserved 1179648K
  class space    used 13262K, committed 13696K, reserved 1048576K
}
Event: 434.151 GC heap before
{Heap before GC invocations=58 (full 0):
 garbage-first heap   total 178176K, used 144960K [0x0000000700000000, 0x0000000800000000)
  region size 2048K, 28 young (57344K), 4 survivors (8192K)
 Metaspace       used 101694K, committed 102592K, reserved 1179648K
  class space    used 13953K, committed 14400K, reserved 1048576K
}
Event: 434.172 GC heap after
{Heap after GC invocations=59 (full 0):
 garbage-first heap   total 178176K, used 97730K [0x0000000700000000, 0x0000000800000000)
  region size 2048K, 3 young (6144K), 3 survivors (6144K)
 Metaspace       used 101694K, committed 102592K, reserved 1179648K
  class space    used 13953K, committed 14400K, reserved 1048576K
}

