# JRE version: OpenJDK Runtime Environment (17.0.9) (build 17.0.9+0--11185874)
# Java VM: OpenJDK 64-Bit Server VM (17.0.9+0--11185874, mixed mode, tiered, compressed oops, compressed class ptrs, g1 gc, windows-amd64)
GC Precious Log:
 CPUs: 4 total, 4 available
 Memory: 6030M
 Large Page Support: Disabled
 NUMA Support: Disabled
 Compressed Oops: Enabled (Zero based)
 Heap Region Size: 2M
 Heap Min Capacity: 8M
 Heap Initial Capacity: 96M
 Heap Max Capacity: 4G
 Pre-touch: Disabled
 Parallel Workers: 4
 Concurrent Workers: 1
 Concurrent Refinement Workers: 4
 Periodic GC: Disabled
Heap:
 garbage-first heap   total 122880K, used 72888K [0x0000000700000000, 0x0000000800000000)
  region size 2048K, 2 young (4096K), 1 survivors (2048K)
 Metaspace       used 80501K, committed 81152K, reserved 1179648K
  class space    used 10906K, committed 11200K, reserved 1048576K
GC Heap History (20 events):
Event: 31.319 GC heap before
{Heap before GC invocations=22 (full 0):
 garbage-first heap   total 92160K, used 50250K [0x0000000700000000, 0x0000000800000000)
  region size 2048K, 8 young (16384K), 3 survivors (6144K)
 Metaspace       used 67463K, committed 67968K, reserved 1114112K
  class space    used 9314K, committed 9536K, reserved 1048576K
}
Event: 31.334 GC heap after
{Heap after GC invocations=23 (full 0):
 garbage-first heap   total 92160K, used 49802K [0x0000000700000000, 0x0000000800000000)
  region size 2048K, 2 young (4096K), 2 survivors (4096K)
 Metaspace       used 67463K, committed 67968K, reserved 1114112K
  class space    used 9314K, committed 9536K, reserved 1048576K
}
Event: 31.771 GC heap before
{Heap before GC invocations=24 (full 0):
 garbage-first heap   total 100352K, used 53898K [0x0000000700000000, 0x0000000800000000)
  region size 2048K, 4 young (8192K), 2 survivors (4096K)
 Metaspace       used 67463K, committed 67968K, reserved 1114112K
  class space    used 9314K, committed 9536K, reserved 1048576K
}
Event: 31.779 GC heap after
{Heap after GC invocations=25 (full 0):
 garbage-first heap   total 100352K, used 56625K [0x0000000700000000, 0x0000000800000000)
  region size 2048K, 2 young (4096K), 2 survivors (4096K)
 Metaspace       used 67463K, committed 67968K, reserved 1114112K
  class space    used 9314K, committed 9536K, reserved 1048576K
}
Event: 33.757 GC heap before
{Heap before GC invocations=26 (full 0):
 garbage-first heap   total 110592K, used 70961K [0x0000000700000000, 0x0000000800000000)
  region size 2048K, 8 young (16384K), 2 survivors (4096K)
 Metaspace       used 68027K, committed 68544K, reserved 1114112K
  class space    used 9382K, committed 9600K, reserved 1048576K
}
Event: 33.764 GC heap after
{Heap after GC invocations=27 (full 0):
 garbage-first heap   total 110592K, used 61329K [0x0000000700000000, 0x0000000800000000)
  region size 2048K, 1 young (2048K), 1 survivors (2048K)
 Metaspace       used 68027K, committed 68544K, reserved 1114112K
  class space    used 9382K, committed 9600K, reserved 1048576K
}
Event: 34.715 GC heap before
{Heap before GC invocations=27 (full 0):
 garbage-first heap   total 110592K, used 75665K [0x0000000700000000, 0x0000000800000000)
  region size 2048K, 9 young (18432K), 1 survivors (2048K)
 Metaspace       used 68989K, committed 69504K, reserved 1114112K
  class space    used 9508K, committed 9728K, reserved 1048576K
}
Event: 34.723 GC heap after
{Heap after GC invocations=28 (full 0):
 garbage-first heap   total 110592K, used 65014K [0x0000000700000000, 0x0000000800000000)
  region size 2048K, 2 young (4096K), 2 survivors (4096K)
 Metaspace       used 68989K, committed 69504K, reserved 1114112K
  class space    used 9508K, committed 9728K, reserved 1048576K
}
Event: 35.333 GC heap before
{Heap before GC invocations=29 (full 0):
 garbage-first heap   total 122880K, used 77302K [0x0000000700000000, 0x0000000800000000)
  region size 2048K, 9 young (18432K), 2 survivors (4096K)
 Metaspace       used 70024K, committed 70592K, reserved 1114112K
  class space    used 9646K, committed 9920K, reserved 1048576K
}
Event: 35.339 GC heap after
{Heap after GC invocations=30 (full 0):
 garbage-first heap   total 122880K, used 65788K [0x0000000700000000, 0x0000000800000000)
  region size 2048K, 1 young (2048K), 1 survivors (2048K)
 Metaspace       used 70024K, committed 70592K, reserved 1114112K
  class space    used 9646K, committed 9920K, reserved 1048576K
}
Event: 36.387 GC heap before
{Heap before GC invocations=30 (full 0):
 garbage-first heap   total 122880K, used 88316K [0x0000000700000000, 0x0000000800000000)
  region size 2048K, 12 young (24576K), 1 survivors (2048K)
 Metaspace       used 72042K, committed 72704K, reserved 1114112K
  class space    used 9912K, committed 10240K, reserved 1048576K
}
Event: 36.392 GC heap after
{Heap after GC invocations=31 (full 0):
 garbage-first heap   total 122880K, used 66429K [0x0000000700000000, 0x0000000800000000)
  region size 2048K, 1 young (2048K), 1 survivors (2048K)
 Metaspace       used 72042K, committed 72704K, reserved 1114112K
  class space    used 9912K, committed 10240K, reserved 1048576K
}
Event: 38.330 GC heap before
{Heap before GC invocations=32 (full 0):
 garbage-first heap   total 122880K, used 88957K [0x0000000700000000, 0x0000000800000000)
  region size 2048K, 13 young (26624K), 1 survivors (2048K)
 Metaspace       used 74945K, committed 75456K, reserved 1114112K
  class space    used 10222K, committed 10432K, reserved 1048576K
}
Event: 38.336 GC heap after
{Heap after GC invocations=33 (full 0):
 garbage-first heap   total 122880K, used 66909K [0x0000000700000000, 0x0000000800000000)
  region size 2048K, 2 young (4096K), 2 survivors (4096K)
 Metaspace       used 74945K, committed 75456K, reserved 1114112K
  class space    used 10222K, committed 10432K, reserved 1048576K
}
Event: 40.738 GC heap before
{Heap before GC invocations=33 (full 0):
 garbage-first heap   total 122880K, used 91485K [0x0000000700000000, 0x0000000800000000)
  region size 2048K, 14 young (28672K), 2 survivors (4096K)
 Metaspace       used 77926K, committed 78592K, reserved 1179648K
  class space    used 10556K, committed 10880K, reserved 1048576K
}
Event: 40.750 GC heap after
{Heap after GC invocations=34 (full 0):
 garbage-first heap   total 122880K, used 69025K [0x0000000700000000, 0x0000000800000000)
  region size 2048K, 2 young (4096K), 2 survivors (4096K)
 Metaspace       used 77926K, committed 78592K, reserved 1179648K
  class space    used 10556K, committed 10880K, reserved 1048576K
}
Event: 41.939 GC heap before
{Heap before GC invocations=35 (full 0):
 garbage-first heap   total 122880K, used 93601K [0x0000000700000000, 0x0000000800000000)
  region size 2048K, 15 young (30720K), 2 survivors (4096K)
 Metaspace       used 78700K, committed 79360K, reserved 1179648K
  class space    used 10679K, committed 11008K, reserved 1048576K
}
Event: 41.952 GC heap after
{Heap after GC invocations=36 (full 0):
 garbage-first heap   total 122880K, used 71567K [0x0000000700000000, 0x0000000800000000)
  region size 2048K, 2 young (4096K), 2 survivors (4096K)
 Metaspace       used 78700K, committed 79360K, reserved 1179648K
  class space    used 10679K, committed 11008K, reserved 1048576K
}
Event: 43.370 GC heap before
{Heap before GC invocations=36 (full 0):
 garbage-first heap   total 122880K, used 94095K [0x0000000700000000, 0x0000000800000000)
  region size 2048K, 13 young (26624K), 2 survivors (4096K)
 Metaspace       used 80362K, committed 81024K, reserved 1179648K
  class space    used 10896K, committed 11200K, reserved 1048576K
}
Event: 43.378 GC heap after
{Heap after GC invocations=37 (full 0):
 garbage-first heap   total 122880K, used 72888K [0x0000000700000000, 0x0000000800000000)
  region size 2048K, 1 young (2048K), 1 survivors (2048K)
 Metaspace       used 80362K, committed 81024K, reserved 1179648K
  class space    used 10896K, committed 11200K, reserved 1048576K
}

