# JRE version: OpenJDK Runtime Environment (17.0.9) (build 17.0.9+0--11185874)
# Java VM: OpenJDK 64-Bit Server VM (17.0.9+0--11185874, mixed mode, tiered, compressed oops, compressed class ptrs, g1 gc, windows-amd64)
GC Precious Log:
 CPUs: 4 total, 4 available
 Memory: 6030M
 Large Page Support: Disabled
 NUMA Support: Disabled
 Compressed Oops: Enabled (Zero based)
 Heap Region Size: 2M
 Heap Min Capacity: 8M
 Heap Initial Capacity: 96M
 Heap Max Capacity: 4G
 Pre-touch: Disabled
 Parallel Workers: 4
 Concurrent Workers: 1
 Concurrent Refinement Workers: 4
 Periodic GC: Disabled
Heap:
 garbage-first heap   total 256000K, used 148522K [0x0000000700000000, 0x0000000800000000)
  region size 2048K, 1 young (2048K), 1 survivors (2048K)
 Metaspace       used 102234K, committed 103232K, reserved 1179648K
  class space    used 14174K, committed 14592K, reserved 1048576K
GC Heap History (20 events):
Event: 42.198 GC heap after
{Heap after GC invocations=46 (full 0):
 garbage-first heap   total 163840K, used 90922K [0x0000000700000000, 0x0000000800000000)
  region size 2048K, 2 young (4096K), 2 survivors (4096K)
 Metaspace       used 87305K, committed 88000K, reserved 1179648K
  class space    used 11806K, committed 12096K, reserved 1048576K
}
Event: 43.403 GC heap before
{Heap before GC invocations=46 (full 0):
 garbage-first heap   total 163840K, used 133930K [0x0000000700000000, 0x0000000800000000)
  region size 2048K, 23 young (47104K), 2 survivors (4096K)
 Metaspace       used 88934K, committed 89664K, reserved 1179648K
  class space    used 12013K, committed 12352K, reserved 1048576K
}
Event: 43.428 GC heap after
{Heap after GC invocations=47 (full 0):
 garbage-first heap   total 196608K, used 94290K [0x0000000700000000, 0x0000000800000000)
  region size 2048K, 3 young (6144K), 3 survivors (6144K)
 Metaspace       used 88934K, committed 89664K, reserved 1179648K
  class space    used 12013K, committed 12352K, reserved 1048576K
}
Event: 45.713 GC heap before
{Heap before GC invocations=48 (full 0):
 garbage-first heap   total 196608K, used 157778K [0x0000000700000000, 0x0000000800000000)
  region size 2048K, 34 young (69632K), 3 survivors (6144K)
 Metaspace       used 93452K, committed 94080K, reserved 1179648K
  class space    used 12833K, committed 13120K, reserved 1048576K
}
Event: 45.729 GC heap after
{Heap after GC invocations=49 (full 0):
 garbage-first heap   total 196608K, used 96670K [0x0000000700000000, 0x0000000800000000)
  region size 2048K, 4 young (8192K), 4 survivors (8192K)
 Metaspace       used 93452K, committed 94080K, reserved 1179648K
  class space    used 12833K, committed 13120K, reserved 1048576K
}
Event: 47.535 GC heap before
{Heap before GC invocations=49 (full 0):
 garbage-first heap   total 196608K, used 160158K [0x0000000700000000, 0x0000000800000000)
  region size 2048K, 35 young (71680K), 4 survivors (8192K)
 Metaspace       used 95668K, committed 96448K, reserved 1179648K
  class space    used 13161K, committed 13504K, reserved 1048576K
}
Event: 47.566 GC heap after
{Heap after GC invocations=50 (full 0):
 garbage-first heap   total 196608K, used 102714K [0x0000000700000000, 0x0000000800000000)
  region size 2048K, 5 young (10240K), 5 survivors (10240K)
 Metaspace       used 95668K, committed 96448K, reserved 1179648K
  class space    used 13161K, committed 13504K, reserved 1048576K
}
Event: 50.083 GC heap before
{Heap before GC invocations=51 (full 0):
 garbage-first heap   total 196608K, used 158010K [0x0000000700000000, 0x0000000800000000)
  region size 2048K, 33 young (67584K), 5 survivors (10240K)
 Metaspace       used 97796K, committed 98624K, reserved 1179648K
  class space    used 13507K, committed 13888K, reserved 1048576K
}
Event: 50.113 GC heap after
{Heap after GC invocations=52 (full 0):
 garbage-first heap   total 196608K, used 113286K [0x0000000700000000, 0x0000000800000000)
  region size 2048K, 5 young (10240K), 5 survivors (10240K)
 Metaspace       used 97796K, committed 98624K, reserved 1179648K
  class space    used 13507K, committed 13888K, reserved 1048576K
}
Event: 52.317 GC heap before
{Heap before GC invocations=52 (full 0):
 garbage-first heap   total 196608K, used 158342K [0x0000000700000000, 0x0000000800000000)
  region size 2048K, 27 young (55296K), 5 survivors (10240K)
 Metaspace       used 98595K, committed 99584K, reserved 1179648K
  class space    used 13599K, committed 14016K, reserved 1048576K
}
Event: 52.350 GC heap after
{Heap after GC invocations=53 (full 0):
 garbage-first heap   total 196608K, used 122261K [0x0000000700000000, 0x0000000800000000)
  region size 2048K, 4 young (8192K), 4 survivors (8192K)
 Metaspace       used 98595K, committed 99584K, reserved 1179648K
  class space    used 13599K, committed 14016K, reserved 1048576K
}
Event: 54.181 GC heap before
{Heap before GC invocations=54 (full 0):
 garbage-first heap   total 223232K, used 155029K [0x0000000700000000, 0x0000000800000000)
  region size 2048K, 21 young (43008K), 4 survivors (8192K)
 Metaspace       used 98861K, committed 99904K, reserved 1179648K
  class space    used 13636K, committed 14080K, reserved 1048576K
}
Event: 54.206 GC heap after
{Heap after GC invocations=55 (full 0):
 garbage-first heap   total 223232K, used 130275K [0x0000000700000000, 0x0000000800000000)
  region size 2048K, 3 young (6144K), 3 survivors (6144K)
 Metaspace       used 98861K, committed 99904K, reserved 1179648K
  class space    used 13636K, committed 14080K, reserved 1048576K
}
Event: 54.648 GC heap before
{Heap before GC invocations=55 (full 0):
 garbage-first heap   total 223232K, used 138467K [0x0000000700000000, 0x0000000800000000)
  region size 2048K, 9 young (18432K), 3 survivors (6144K)
 Metaspace       used 98946K, committed 99968K, reserved 1179648K
  class space    used 13646K, committed 14080K, reserved 1048576K
}
Event: 54.663 GC heap after
{Heap after GC invocations=56 (full 0):
 garbage-first heap   total 223232K, used 137564K [0x0000000700000000, 0x0000000800000000)
  region size 2048K, 3 young (6144K), 3 survivors (6144K)
 Metaspace       used 98946K, committed 99968K, reserved 1179648K
  class space    used 13646K, committed 14080K, reserved 1048576K
}
Event: 56.333 GC heap before
{Heap before GC invocations=57 (full 0):
 garbage-first heap   total 256000K, used 178524K [0x0000000700000000, 0x0000000800000000)
  region size 2048K, 22 young (45056K), 3 survivors (6144K)
 Metaspace       used 101962K, committed 102976K, reserved 1179648K
  class space    used 14157K, committed 14592K, reserved 1048576K
}
Event: 56.352 GC heap after
{Heap after GC invocations=58 (full 0):
 garbage-first heap   total 256000K, used 147838K [0x0000000700000000, 0x0000000800000000)
  region size 2048K, 3 young (6144K), 3 survivors (6144K)
 Metaspace       used 101962K, committed 102976K, reserved 1179648K
  class space    used 14157K, committed 14592K, reserved 1048576K
}
Event: 56.621 GC heap before
{Heap before GC invocations=58 (full 0):
 garbage-first heap   total 256000K, used 153982K [0x0000000700000000, 0x0000000800000000)
  region size 2048K, 6 young (12288K), 3 survivors (6144K)
 Metaspace       used 102094K, committed 103104K, reserved 1179648K
  class space    used 14172K, committed 14592K, reserved 1048576K
}
Event: 56.638 GC heap after
{Heap after GC invocations=59 (full 0):
 garbage-first heap   total 256000K, used 148145K [0x0000000700000000, 0x0000000800000000)
  region size 2048K, 1 young (2048K), 1 survivors (2048K)
 Metaspace       used 102094K, committed 103104K, reserved 1179648K
  class space    used 14172K, committed 14592K, reserved 1048576K
}
Event: 58.045 GC heap before
{Heap before GC invocations=59 (full 0):
 garbage-first heap   total 256000K, used 197297K [0x0000000700000000, 0x0000000800000000)
  region size 2048K, 25 young (51200K), 1 survivors (2048K)
 Metaspace       used 102234K, committed 103232K, reserved 1179648K
  class space    used 14174K, committed 14592K, reserved 1048576K
}

